Arguments: 
  /usr/local/bin/node /usr/local/bin/yarn start

PATH: 
  /Library/Java/JavaVirtualMachines/jdk1.8.0_131.jdk/Contents/Home/bin:/usr/local/bin:/usr/bin:/bin:/usr/sbin:/sbin:/Library/Java/JavaVirtualMachines/jdk1.8.0_131.jdk/Contents/Home/bin:/Users/dronggroup/Library/Android/sdk/platform-tools:/Users/dronggroup/Library/Android/sdk/tools:/Users/dronggroup/java/apache-maven-3.5.0/bin:/usr/local/mysql/bin:/Users/dronggroup/Library/Android/sdk/platform-tools:/Users/dronggroup/Library/Android/sdk/tools:/Users/dronggroup/Library/Android/sdk/platform-tools:/Users/dronggroup/java/apache-maven-3.5.0/bin:/usr/local/mysql/bin

Yarn version: 
  1.5.1

Node version: 
  8.11.1

Platform: 
  darwin x64

npm manifest: 
  No manifest

yarn manifest: 
  No manifest

Lockfile: 
  No lockfile

Trace: 
  Error: Couldn't find a package.json file in "/Users/dronggroup/Desktop/jobs"
      at new MessageError (/usr/local/lib/node_modules/yarn/lib/cli.js:186:110)
      at /usr/local/lib/node_modules/yarn/lib/cli.js:40048:15
      at Generator.next (<anonymous>)
      at step (/usr/local/lib/node_modules/yarn/lib/cli.js:98:30)
      at /usr/local/lib/node_modules/yarn/lib/cli.js:109:13
      at <anonymous>
